<?xml version="1.0" encoding="UTF-8"?>
<testng-results ignored="0" total="1" passed="1" failed="0" skipped="0">
  <reporter-output>
  </reporter-output>
  <suite started-at="2023-04-12T14:21:09 IST" name="Default suite" finished-at="2023-04-12T14:21:09 IST" duration-ms="38">
    <groups>
    </groups>
    <test started-at="2023-04-12T14:21:09 IST" name="Default test" finished-at="2023-04-12T14:21:09 IST" duration-ms="38">
      <class name="practice.sample">
        <test-method signature="demo()[pri:0, instance:practice.sample@8317c52]" started-at="2023-04-12T14:21:09 IST" name="demo" finished-at="2023-04-12T14:21:09 IST" duration-ms="8" status="PASS">
          <reporter-output>
          </reporter-output>
        </test-method> <!-- demo -->
      </class> <!-- practice.sample -->
    </test> <!-- Default test -->
  </suite> <!-- Default suite -->
</testng-results>
